This file contains any messages produced by compilers while
running configure, to aid debugging if configure makes a mistake.

It was created by kh configure 0.1, which was
generated by GNU Autoconf 2.69.  Invocation command line was

  $ ./configure 

## --------- ##
## Platform. ##
## --------- ##

hostname = n
uname -m = x86_64
uname -r = 5.15.0-67-generic
uname -s = Linux
uname -v = #74~20.04.1-Ubuntu SMP Wed Feb 22 14:52:34 UTC 2023

/usr/bin/uname -p = x86_64
/bin/uname -X     = unknown

/bin/arch              = x86_64
/usr/bin/arch -k       = unknown
/usr/convex/getsysinfo = unknown
/usr/bin/hostinfo      = unknown
/bin/machine           = unknown
/usr/bin/oslevel       = unknown
/bin/universe          = unknown

PATH: /opt/intel/oneapi/compiler/2021.4.0/linux/lib/oclfpga/llvm/aocl-bin
PATH: /opt/intel/oneapi/compiler/2021.4.0/linux/lib/oclfpga/bin
PATH: /opt/intel/oneapi/compiler/2021.4.0/linux/bin/intel64
PATH: /opt/intel/oneapi/compiler/2021.4.0/linux/bin
PATH: /home/n-francini/.local/bin
PATH: /usr/local/sbin
PATH: /usr/local/bin
PATH: /usr/sbin
PATH: /usr/bin
PATH: /sbin
PATH: /bin
PATH: /usr/games
PATH: /usr/local/games
PATH: /snap/bin


## ----------- ##
## Core tests. ##
## ----------- ##

configure:2130: checking for a BSD-compatible install
configure:2198: result: /usr/bin/install -c
configure:2209: checking whether build environment is sane
configure:2264: result: yes
configure:2413: checking for a thread-safe mkdir -p
configure:2452: result: /usr/bin/mkdir -p
configure:2459: checking for gawk
configure:2489: result: no
configure:2459: checking for mawk
configure:2475: found /usr/bin/mawk
configure:2486: result: mawk
configure:2497: checking whether make sets $(MAKE)
configure:2519: result: yes
configure:2548: checking whether make supports nested variables
configure:2565: result: yes
configure:2745: checking for gcc
configure:2761: found /usr/bin/gcc
configure:2772: result: gcc
configure:3001: checking for C compiler version
configure:3010: gcc --version >&5
gcc (Ubuntu 9.4.0-1ubuntu1~20.04.1) 9.4.0
Copyright (C) 2019 Free Software Foundation, Inc.
This is free software; see the source for copying conditions.  There is NO
warranty; not even for MERCHANTABILITY or FITNESS FOR A PARTICULAR PURPOSE.

configure:3021: $? = 0
configure:3010: gcc -v >&5
Using built-in specs.
COLLECT_GCC=gcc
COLLECT_LTO_WRAPPER=/usr/lib/gcc/x86_64-linux-gnu/9/lto-wrapper
OFFLOAD_TARGET_NAMES=nvptx-none:hsa
OFFLOAD_TARGET_DEFAULT=1
Target: x86_64-linux-gnu
Configured with: ../src/configure -v --with-pkgversion='Ubuntu 9.4.0-1ubuntu1~20.04.1' --with-bugurl=file:///usr/share/doc/gcc-9/README.Bugs --enable-languages=c,ada,c++,go,brig,d,fortran,objc,obj-c++,gm2 --prefix=/usr --with-gcc-major-version-only --program-suffix=-9 --program-prefix=x86_64-linux-gnu- --enable-shared --enable-linker-build-id --libexecdir=/usr/lib --without-included-gettext --enable-threads=posix --libdir=/usr/lib --enable-nls --enable-clocale=gnu --enable-libstdcxx-debug --enable-libstdcxx-time=yes --with-default-libstdcxx-abi=new --enable-gnu-unique-object --disable-vtable-verify --enable-plugin --enable-default-pie --with-system-zlib --with-target-system-zlib=auto --enable-objc-gc=auto --enable-multiarch --disable-werror --with-arch-32=i686 --with-abi=m64 --with-multilib-list=m32,m64,mx32 --enable-multilib --with-tune=generic --enable-offload-targets=nvptx-none=/build/gcc-9-Av3uEd/gcc-9-9.4.0/debian/tmp-nvptx/usr,hsa --without-cuda-driver --enable-checking=release --build=x86_64-linux-gnu --host=x86_64-linux-gnu --target=x86_64-linux-gnu
Thread model: posix
gcc version 9.4.0 (Ubuntu 9.4.0-1ubuntu1~20.04.1) 
configure:3021: $? = 0
configure:3010: gcc -V >&5
gcc: error: unrecognized command line option '-V'
gcc: fatal error: no input files
compilation terminated.
configure:3021: $? = 1
configure:3010: gcc -qversion >&5
gcc: error: unrecognized command line option '-qversion'; did you mean '--version'?
gcc: fatal error: no input files
compilation terminated.
configure:3021: $? = 1
configure:3041: checking whether the C compiler works
configure:3063: gcc    conftest.c  >&5
configure:3067: $? = 0
configure:3115: result: yes
configure:3118: checking for C compiler default output file name
configure:3120: result: a.out
configure:3126: checking for suffix of executables
configure:3133: gcc -o conftest    conftest.c  >&5
configure:3137: $? = 0
configure:3159: result: 
configure:3181: checking whether we are cross compiling
configure:3189: gcc -o conftest    conftest.c  >&5
configure:3193: $? = 0
configure:3200: ./conftest
configure:3204: $? = 0
configure:3192: result: no
configure:3197: checking for suffix of object files
configure:3219: gcc -c   conftest.c >&5
configure:3223: $? = 0
configure:3244: result: o
configure:3248: checking whether we are using the GNU C compiler
configure:3267: gcc -c   conftest.c >&5
configure:3267: $? = 0
configure:3276: result: yes
configure:3285: checking whether gcc accepts -g
configure:3305: gcc -c -g  conftest.c >&5
configure:3305: $? = 0
configure:3346: result: yes
configure:3363: checking for gcc option to accept ISO C89
configure:3426: gcc  -c -g -O2  conftest.c >&5
configure:3426: $? = 0
configure:3439: result: none needed
configure:3464: checking whether gcc understands -c and -o together
configure:3486: gcc -c conftest.c -o conftest2.o
configure:3489: $? = 0
configure:3486: gcc -c conftest.c -o conftest2.o
configure:3489: $? = 0
configure:3501: result: yes
configure:3521: checking whether make supports the include directive
configure:3536: make -f confmf.GNU && cat confinc.out
this is the am__doit target
configure:3539: $? = 0
configure:3558: result: yes (GNU style)
configure:3583: checking dependency style of gcc
configure:3694: result: gcc3
configure:3717: checking how to run the C preprocessor
configure:3748: gcc -E  conftest.c
configure:3748: $? = 0
configure:3762: gcc -E  conftest.c
conftest.c:11:10: fatal error: ac_nonexistent.h: No such file or directory
   11 | #include <ac_nonexistent.h>
      |          ^~~~~~~~~~~~~~~~~~
compilation terminated.
configure:3762: $? = 1
configure: failed program was:
| /* confdefs.h */
| #define PACKAGE_NAME "kh"
| #define PACKAGE_TARNAME "kh"
| #define PACKAGE_VERSION "0.1"
| #define PACKAGE_STRING "kh 0.1"
| #define PACKAGE_BUGREPORT "nicco.francini@libero.it"
| #define PACKAGE_URL ""
| #define PACKAGE "kh"
| #define VERSION "0.1"
| /* end confdefs.h.  */
| #include <ac_nonexistent.h>
configure:3787: result: gcc -E
configure:3807: gcc -E  conftest.c
configure:3807: $? = 0
configure:3821: gcc -E  conftest.c
conftest.c:11:10: fatal error: ac_nonexistent.h: No such file or directory
   11 | #include <ac_nonexistent.h>
      |          ^~~~~~~~~~~~~~~~~~
compilation terminated.
configure:3821: $? = 1
configure: failed program was:
| /* confdefs.h */
| #define PACKAGE_NAME "kh"
| #define PACKAGE_TARNAME "kh"
| #define PACKAGE_VERSION "0.1"
| #define PACKAGE_STRING "kh 0.1"
| #define PACKAGE_BUGREPORT "nicco.francini@libero.it"
| #define PACKAGE_URL ""
| #define PACKAGE "kh"
| #define VERSION "0.1"
| /* end confdefs.h.  */
| #include <ac_nonexistent.h>
configure:3850: checking for grep that handles long lines and -e
configure:3908: result: /usr/bin/grep
configure:3913: checking for egrep
configure:3975: result: /usr/bin/grep -E
configure:3980: checking for ANSI C header files
configure:4000: gcc -c -g -O2  conftest.c >&5
configure:4000: $? = 0
configure:4073: gcc -o conftest -g -O2   conftest.c  >&5
configure:4073: $? = 0
configure:4073: ./conftest
configure:4073: $? = 0
configure:4084: result: yes
configure:4097: checking for sys/types.h
configure:4097: gcc -c -g -O2  conftest.c >&5
configure:4097: $? = 0
configure:4097: result: yes
configure:4097: checking for sys/stat.h
configure:4097: gcc -c -g -O2  conftest.c >&5
configure:4097: $? = 0
configure:4097: result: yes
configure:4097: checking for stdlib.h
configure:4097: gcc -c -g -O2  conftest.c >&5
configure:4097: $? = 0
configure:4097: result: yes
configure:4097: checking for string.h
configure:4097: gcc -c -g -O2  conftest.c >&5
configure:4097: $? = 0
configure:4097: result: yes
configure:4097: checking for memory.h
configure:4097: gcc -c -g -O2  conftest.c >&5
configure:4097: $? = 0
configure:4097: result: yes
configure:4097: checking for strings.h
configure:4097: gcc -c -g -O2  conftest.c >&5
configure:4097: $? = 0
configure:4097: result: yes
configure:4097: checking for inttypes.h
configure:4097: gcc -c -g -O2  conftest.c >&5
configure:4097: $? = 0
configure:4097: result: yes
configure:4097: checking for stdint.h
configure:4097: gcc -c -g -O2  conftest.c >&5
configure:4097: $? = 0
configure:4097: result: yes
configure:4097: checking for unistd.h
configure:4097: gcc -c -g -O2  conftest.c >&5
configure:4097: $? = 0
configure:4097: result: yes
configure:4111: checking math.h usability
configure:4111: gcc -c -g -O2  conftest.c >&5
configure:4111: $? = 0
configure:4111: result: yes
configure:4111: checking math.h presence
configure:4111: gcc -E  conftest.c
configure:4111: $? = 0
configure:4111: result: yes
configure:4111: checking for math.h
configure:4111: result: yes
configure:4126: checking stdio.h usability
configure:4126: gcc -c -g -O2  conftest.c >&5
configure:4126: $? = 0
configure:4126: result: yes
configure:4126: checking stdio.h presence
configure:4126: gcc -E  conftest.c
configure:4126: $? = 0
configure:4126: result: yes
configure:4126: checking for stdio.h
configure:4126: result: yes
configure:4141: checking for stdlib.h
configure:4141: result: yes
configure:4156: checking time.h usability
configure:4156: gcc -c -g -O2  conftest.c >&5
configure:4156: $? = 0
configure:4156: result: yes
configure:4156: checking time.h presence
configure:4156: gcc -E  conftest.c
configure:4156: $? = 0
configure:4156: result: yes
configure:4156: checking for time.h
configure:4156: result: yes
configure:4171: checking stddef.h usability
configure:4171: gcc -c -g -O2  conftest.c >&5
configure:4171: $? = 0
configure:4171: result: yes
configure:4171: checking stddef.h presence
configure:4171: gcc -E  conftest.c
configure:4171: $? = 0
configure:4171: result: yes
configure:4171: checking for stddef.h
configure:4171: result: yes
configure:4186: checking complex.h usability
configure:4186: gcc -c -g -O2  conftest.c >&5
configure:4186: $? = 0
configure:4186: result: yes
configure:4186: checking complex.h presence
configure:4186: gcc -E  conftest.c
configure:4186: $? = 0
configure:4186: result: yes
configure:4186: checking for complex.h
configure:4186: result: yes
configure:4201: checking errno.h usability
configure:4201: gcc -c -g -O2  conftest.c >&5
configure:4201: $? = 0
configure:4201: result: yes
configure:4201: checking errno.h presence
configure:4201: gcc -E  conftest.c
configure:4201: $? = 0
configure:4201: result: yes
configure:4201: checking for errno.h
configure:4201: result: yes
configure:4216: checking fenv.h usability
configure:4216: gcc -c -g -O2  conftest.c >&5
configure:4216: $? = 0
configure:4216: result: yes
configure:4216: checking fenv.h presence
configure:4216: gcc -E  conftest.c
configure:4216: $? = 0
configure:4216: result: yes
configure:4216: checking for fenv.h
configure:4216: result: yes
configure:4231: checking for sys/types.h
configure:4231: result: yes
configure:4246: checking for sys/stat.h
configure:4246: result: yes
configure:4260: checking for library containing sqrt
configure:4291: gcc -o conftest -g -O2   conftest.c  >&5
conftest.c:38:6: warning: conflicting types for built-in function 'sqrt'; expected 'double(double)' [-Wbuiltin-declaration-mismatch]
   38 | char sqrt ();
      |      ^~~~
conftest.c:1:1: note: 'sqrt' is declared in header '<math.h>'
    1 | /* confdefs.h */
/usr/bin/ld: /tmp/ccKnHgoB.o: in function `main':
/home/n-francini/Scrivania/TU Dresden - PhD/First project/Simulations/KitHeis/conftest.c:42: undefined reference to `sqrt'
collect2: error: ld returned 1 exit status
configure:4291: $? = 1
configure: failed program was:
| /* confdefs.h */
| #define PACKAGE_NAME "kh"
| #define PACKAGE_TARNAME "kh"
| #define PACKAGE_VERSION "0.1"
| #define PACKAGE_STRING "kh 0.1"
| #define PACKAGE_BUGREPORT "nicco.francini@libero.it"
| #define PACKAGE_URL ""
| #define PACKAGE "kh"
| #define VERSION "0.1"
| #define STDC_HEADERS 1
| #define HAVE_SYS_TYPES_H 1
| #define HAVE_SYS_STAT_H 1
| #define HAVE_STDLIB_H 1
| #define HAVE_STRING_H 1
| #define HAVE_MEMORY_H 1
| #define HAVE_STRINGS_H 1
| #define HAVE_INTTYPES_H 1
| #define HAVE_STDINT_H 1
| #define HAVE_UNISTD_H 1
| #define HAVE_MATH_H 1
| #define HAVE_STDIO_H 1
| #define HAVE_STDLIB_H 1
| #define HAVE_TIME_H 1
| #define HAVE_STDDEF_H 1
| #define HAVE_COMPLEX_H 1
| #define HAVE_ERRNO_H 1
| #define HAVE_FENV_H 1
| #define HAVE_SYS_TYPES_H 1
| #define HAVE_SYS_STAT_H 1
| /* end confdefs.h.  */
| 
| /* Override any GCC internal prototype to avoid an error.
|    Use char because int might match the return type of a GCC
|    builtin and then its argument prototype would still apply.  */
| #ifdef __cplusplus
| extern "C"
| #endif
| char sqrt ();
| int
| main ()
| {
| return sqrt ();
|   ;
|   return 0;
| }
configure:4291: gcc -o conftest -g -O2   conftest.c -lm   >&5
conftest.c:38:6: warning: conflicting types for built-in function 'sqrt'; expected 'double(double)' [-Wbuiltin-declaration-mismatch]
   38 | char sqrt ();
      |      ^~~~
conftest.c:1:1: note: 'sqrt' is declared in header '<math.h>'
    1 | /* confdefs.h */
configure:4291: $? = 0
configure:4308: result: -lm
configure:4423: checking that generated files are newer than configure
configure:4429: result: done
configure:4452: creating ./config.status

## ---------------------- ##
## Running config.status. ##
## ---------------------- ##

This file was extended by kh config.status 0.1, which was
generated by GNU Autoconf 2.69.  Invocation command line was

  CONFIG_FILES    = 
  CONFIG_HEADERS  = 
  CONFIG_LINKS    = 
  CONFIG_COMMANDS = 
  $ ./config.status 

on n

config.status:859: creating Makefile
config.status:859: creating config.h
config.status:1088: executing depfiles commands
config.status:1165: cd .       && sed -e '/# am--include-marker/d' Makefile         | make -f - am--depfiles
config.status:1170: $? = 0

## ---------------- ##
## Cache variables. ##
## ---------------- ##

ac_cv_c_compiler_gnu=yes
ac_cv_env_CC_set=
ac_cv_env_CC_value=
ac_cv_env_CFLAGS_set=
ac_cv_env_CFLAGS_value=
ac_cv_env_CPPFLAGS_set=
ac_cv_env_CPPFLAGS_value=
ac_cv_env_CPP_set=
ac_cv_env_CPP_value=
ac_cv_env_LDFLAGS_set=
ac_cv_env_LDFLAGS_value=
ac_cv_env_LIBS_set=
ac_cv_env_LIBS_value=
ac_cv_env_build_alias_set=
ac_cv_env_build_alias_value=
ac_cv_env_host_alias_set=
ac_cv_env_host_alias_value=
ac_cv_env_target_alias_set=
ac_cv_env_target_alias_value=
ac_cv_header_complex_h=yes
ac_cv_header_errno_h=yes
ac_cv_header_fenv_h=yes
ac_cv_header_inttypes_h=yes
ac_cv_header_math_h=yes
ac_cv_header_memory_h=yes
ac_cv_header_stdc=yes
ac_cv_header_stddef_h=yes
ac_cv_header_stdint_h=yes
ac_cv_header_stdio_h=yes
ac_cv_header_stdlib_h=yes
ac_cv_header_string_h=yes
ac_cv_header_strings_h=yes
ac_cv_header_sys_stat_h=yes
ac_cv_header_sys_types_h=yes
ac_cv_header_time_h=yes
ac_cv_header_unistd_h=yes
ac_cv_objext=o
ac_cv_path_EGREP='/usr/bin/grep -E'
ac_cv_path_GREP=/usr/bin/grep
ac_cv_path_install='/usr/bin/install -c'
ac_cv_path_mkdir=/usr/bin/mkdir
ac_cv_prog_AWK=mawk
ac_cv_prog_CPP='gcc -E'
ac_cv_prog_ac_ct_CC=gcc
ac_cv_prog_cc_c89=
ac_cv_prog_cc_g=yes
ac_cv_prog_make_make_set=yes
ac_cv_search_sqrt=-lm
am_cv_CC_dependencies_compiler_type=gcc3
am_cv_make_support_nested_variables=yes
am_cv_prog_cc_c_o=yes

## ----------------- ##
## Output variables. ##
## ----------------- ##

ACLOCAL='${SHELL} "/home/n-francini/Scrivania/TU Dresden - PhD/First project/Simulations/KitHeis/missing" aclocal-1.16'
AMDEPBACKSLASH='\'
AMDEP_FALSE='#'
AMDEP_TRUE=''
AMTAR='$${TAR-tar}'
AM_BACKSLASH='\'
AM_DEFAULT_V='$(AM_DEFAULT_VERBOSITY)'
AM_DEFAULT_VERBOSITY='1'
AM_V='$(V)'
AUTOCONF='${SHELL} "/home/n-francini/Scrivania/TU Dresden - PhD/First project/Simulations/KitHeis/missing" autoconf'
AUTOHEADER='${SHELL} "/home/n-francini/Scrivania/TU Dresden - PhD/First project/Simulations/KitHeis/missing" autoheader'
AUTOMAKE='${SHELL} "/home/n-francini/Scrivania/TU Dresden - PhD/First project/Simulations/KitHeis/missing" automake-1.16'
AWK='mawk'
CC='gcc'
CCDEPMODE='depmode=gcc3'
CFLAGS='-g -O2'
CPP='gcc -E'
CPPFLAGS=''
CYGPATH_W='echo'
DEFS='-DHAVE_CONFIG_H'
DEPDIR='.deps'
ECHO_C=''
ECHO_N='-n'
ECHO_T=''
EGREP='/usr/bin/grep -E'
EXEEXT=''
GREP='/usr/bin/grep'
INSTALL_DATA='${INSTALL} -m 644'
INSTALL_PROGRAM='${INSTALL}'
INSTALL_SCRIPT='${INSTALL}'
INSTALL_STRIP_PROGRAM='$(install_sh) -c -s'
LDFLAGS=''
LIBOBJS=''
LIBS='-lm '
LTLIBOBJS=''
MAKEINFO='${SHELL} "/home/n-francini/Scrivania/TU Dresden - PhD/First project/Simulations/KitHeis/missing" makeinfo'
MKDIR_P='/usr/bin/mkdir -p'
OBJEXT='o'
PACKAGE='kh'
PACKAGE_BUGREPORT='nicco.francini@libero.it'
PACKAGE_NAME='kh'
PACKAGE_STRING='kh 0.1'
PACKAGE_TARNAME='kh'
PACKAGE_URL=''
PACKAGE_VERSION='0.1'
PATH_SEPARATOR=':'
SET_MAKE=''
SHELL='/bin/bash'
STRIP=''
VERSION='0.1'
ac_ct_CC='gcc'
am__EXEEXT_FALSE=''
am__EXEEXT_TRUE='#'
am__fastdepCC_FALSE='#'
am__fastdepCC_TRUE=''
am__include='include'
am__isrc=''
am__leading_dot='.'
am__nodep='_no'
am__quote=''
am__tar='$${TAR-tar} chof - "$$tardir"'
am__untar='$${TAR-tar} xf -'
bindir='${exec_prefix}/bin'
build_alias=''
datadir='${datarootdir}'
datarootdir='${prefix}/share'
docdir='${datarootdir}/doc/${PACKAGE_TARNAME}'
dvidir='${docdir}'
exec_prefix='${prefix}'
host_alias=''
htmldir='${docdir}'
includedir='${prefix}/include'
infodir='${datarootdir}/info'
install_sh='${SHELL} '\''/home/n-francini/Scrivania/TU Dresden - PhD/First project/Simulations/KitHeis/install-sh'\'''
libdir='${exec_prefix}/lib'
libexecdir='${exec_prefix}/libexec'
localedir='${datarootdir}/locale'
localstatedir='${prefix}/var'
mandir='${datarootdir}/man'
mkdir_p='$(MKDIR_P)'
oldincludedir='/usr/include'
pdfdir='${docdir}'
prefix='/usr/local'
program_transform_name='s,x,x,'
psdir='${docdir}'
runstatedir='${localstatedir}/run'
sbindir='${exec_prefix}/sbin'
sharedstatedir='${prefix}/com'
sysconfdir='${prefix}/etc'
target_alias=''

## ----------- ##
## confdefs.h. ##
## ----------- ##

/* confdefs.h */
#define PACKAGE_NAME "kh"
#define PACKAGE_TARNAME "kh"
#define PACKAGE_VERSION "0.1"
#define PACKAGE_STRING "kh 0.1"
#define PACKAGE_BUGREPORT "nicco.francini@libero.it"
#define PACKAGE_URL ""
#define PACKAGE "kh"
#define VERSION "0.1"
#define STDC_HEADERS 1
#define HAVE_SYS_TYPES_H 1
#define HAVE_SYS_STAT_H 1
#define HAVE_STDLIB_H 1
#define HAVE_STRING_H 1
#define HAVE_MEMORY_H 1
#define HAVE_STRINGS_H 1
#define HAVE_INTTYPES_H 1
#define HAVE_STDINT_H 1
#define HAVE_UNISTD_H 1
#define HAVE_MATH_H 1
#define HAVE_STDIO_H 1
#define HAVE_STDLIB_H 1
#define HAVE_TIME_H 1
#define HAVE_STDDEF_H 1
#define HAVE_COMPLEX_H 1
#define HAVE_ERRNO_H 1
#define HAVE_FENV_H 1
#define HAVE_SYS_TYPES_H 1
#define HAVE_SYS_STAT_H 1

configure: exit 0
