+---------------------------------+
| Simulation details for kit_heis |
+---------------------------------+
RETICOLO ESAGONALE CON CELLE UNITARIE CONTENENTI 2 SITI.
CELLE PER LATO DEL RETICOLO 36
NUMERO DI COMPONENTI DELLO SPIN 3

T 0.10000
alpha 0.25000

eps 0.10000

iTerm 100
iDec 10
iMis 10000
iOverr 5

iStart 0 (0=ordinata, 1=da file , 2=random)
iBackup 10000

ACCETTANZA UPDATE METROPOLIS 0.369809

TEMPO DI ESECUZIONE 0 h 1 m 20.518248 s
PROGRAMMA ESEGUITO CORRETTAMENTE
+---------------------------------+
| Simulation details for kit_heis |
+---------------------------------+
RETICOLO ESAGONALE CON CELLE UNITARIE CONTENENTI 2 SITI.
CELLE PER LATO DEL RETICOLO 36
NUMERO DI COMPONENTI DELLO SPIN 3

T 0.10000
alpha 0.25000

eps 0.10000

iTerm 100
iDec 10
iMis 10000
iOverr 5

iStart 0 (0=ordinata, 1=da file , 2=random)
iBackup 10000

ACCETTANZA UPDATE METROPOLIS 0.369809

TEMPO DI ESECUZIONE 0 h 1 m 17.278977 s
PROGRAMMA ESEGUITO CORRETTAMENTE
